2024-03-14 05:30:17.013 INFO  (main) [c: s: r: x: t:] o.e.j.s.Server jetty-10.0.19; built: 2023-12-15T20:38:32.477Z; git: 8492d1c78f122bb30cce20aecfa07e7283facd47; jvm 17.0.10+7
2024-03-14 05:30:17.595 WARN  (main) [c: s: r: x: t:] o.e.j.u.DeprecationWarning Using @Deprecated Class org.eclipse.jetty.servlet.listener.ELContextCleaner
2024-03-14 05:30:17.642 INFO  (main) [c: s: r: x: t:] o.a.s.s.CoreContainerProvider Using logger factory org.apache.logging.slf4j.Log4jLoggerFactory
2024-03-14 05:30:17.655 INFO  (main) [c: s: r: x: t:] o.a.s.s.CoreContainerProvider  ___      _       Welcome to Apache Solr™ version 9.5.0
2024-03-14 05:30:17.656 INFO  (main) [c: s: r: x: t:] o.a.s.s.CoreContainerProvider / __| ___| |_ _   Starting in standalone mode on port 8983
2024-03-14 05:30:17.656 INFO  (main) [c: s: r: x: t:] o.a.s.s.CoreContainerProvider \__ \/ _ \ | '_|  Install dir: /opt/solr-9.5.0
2024-03-14 05:30:17.656 INFO  (main) [c: s: r: x: t:] o.a.s.s.CoreContainerProvider |___/\___/_|_|    Start time: 2024-03-14T05:30:17.656432533Z
2024-03-14 05:30:17.660 INFO  (main) [c: s: r: x: t:] o.a.s.s.CoreContainerProvider Solr started with "-XX:+CrashOnOutOfMemoryError" that will crash on any OutOfMemoryError exception. The cause of the OOME will be logged in the crash file at the following path: /var/solr/logs/jvm_crash_12.log
2024-03-14 05:30:17.700 INFO  (main) [c: s: r: x: t:] o.a.s.s.CoreContainerProvider Solr Home: /var/solr/data (source: system property: solr.solr.home)
2024-03-14 05:30:17.744 INFO  (main) [c: s: r: x: t:] o.a.s.c.SolrXmlConfig solr.xml not found in SOLR_HOME, using built-in default
2024-03-14 05:30:17.745 INFO  (main) [c: s: r: x: t:] o.a.s.c.SolrXmlConfig Loading solr.xml from /opt/solr-9.5.0/server/solr/solr.xml
2024-03-14 05:30:17.827 INFO  (main) [c: s: r: x: t:] o.a.s.c.SolrResourceLoader Added 1 libs to classloader, from paths: [/opt/solr-9.5.0/lib]
2024-03-14 05:30:18.909 INFO  (main) [c: s: r: x: t:] o.a.s.u.t.SimplePropagator Always-on trace id generation enabled.
2024-03-14 05:30:19.358 WARN  (main) [c: s: r: x: t:] o.a.s.u.StartupLoggingUtils Jetty request logging enabled. Will retain logs for last 3 days. See chapter "Configuring Logging" in reference guide for how to configure.
2024-03-14 05:30:19.361 WARN  (main) [c: s: r: x: t:] o.a.s.c.CoreContainer Not all security plugins configured!  authentication=disabled authorization=disabled.  Solr is only as secure as you make it. Consider configuring authentication/authorization before exposing Solr to users internal or external.  See https://s.apache.org/solrsecurity for more info
2024-03-14 05:30:19.915 INFO  (main) [c: s: r: x: t:] o.a.s.c.CorePropertiesLocator Found 1 core definitions underneath /var/solr/data
2024-03-14 05:30:19.915 INFO  (main) [c: s: r: x: t:] o.a.s.c.CorePropertiesLocator Cores are: [restaurant_service]
2024-03-14 05:30:20.020 INFO  (coreLoadExecutor-11-thread-1) [c: s: r: x:restaurant_service t:] o.a.s.c.SolrConfig Using Lucene MatchVersion: 9.9.0
2024-03-14 05:30:20.205 INFO  (coreLoadExecutor-11-thread-1) [c: s: r: x:restaurant_service t:] o.a.s.s.IndexSchema Schema name=default-config
2024-03-14 05:30:20.234 WARN  (main) [c: s: r: x: t:] o.g.j.m.i.MessagingBinders A class jakarta.activation.DataSource for a default provider MessageBodyWriter<jakarta.activation.DataSource> was not found. The provider is not available.
2024-03-14 05:30:20.751 INFO  (main) [c: s: r: x: t:] o.a.s.j.SolrRequestAuthorizer Creating a new SolrRequestAuthorizer
2024-03-14 05:30:20.944 INFO  (main) [c: s: r: x: t:] o.e.j.s.h.ContextHandler Started o.e.j.w.WebAppContext@655a5d9c{solr-jetty-context.xml,/solr,file:///opt/solr-9.5.0/server/solr-webapp/webapp/,AVAILABLE}{/opt/solr-9.5.0/server/solr-webapp/webapp}
2024-03-14 05:30:20.960 INFO  (main) [c: s: r: x: t:] o.e.j.s.RequestLogWriter Opened /var/solr/logs/2024_03_14.request.log
2024-03-14 05:30:20.967 INFO  (main) [c: s: r: x: t:] o.e.j.s.AbstractConnector Started ServerConnector@2b95e48b{HTTP/1.1, (http/1.1, h2c)}{0.0.0.0:8983}
2024-03-14 05:30:20.969 INFO  (main) [c: s: r: x: t:] o.e.j.s.Server Started Server@376a312c{STARTING}[10.0.19,sto=0] @6141ms
2024-03-14 05:30:22.102 INFO  (coreLoadExecutor-11-thread-1) [c: s: r: x:restaurant_service t:] o.a.s.s.IndexSchema Loaded schema default-config/1.6 with uniqueid field id
2024-03-14 05:30:22.102 INFO  (coreLoadExecutor-11-thread-1) [c: s: r: x:restaurant_service t:] o.a.s.c.CoreContainer Creating SolrCore 'restaurant_service' using configuration from instancedir /var/solr/data/restaurant_service, trusted=true
2024-03-14 05:30:22.144 INFO  (coreLoadExecutor-11-thread-1) [c: s: r: x:restaurant_service t:] o.a.s.c.SolrCore Opening new SolrCore at [/var/solr/data/restaurant_service], dataDir=[/var/solr/data/restaurant_service/data/]
2024-03-14 05:30:22.984 INFO  (coreLoadExecutor-11-thread-1) [c: s: r: x:restaurant_service t:] o.a.s.j.SolrRequestAuthorizer Creating a new SolrRequestAuthorizer
2024-03-14 05:30:23.007 INFO  (coreLoadExecutor-11-thread-1) [c: s: r: x:restaurant_service t:] o.a.s.u.UpdateHandler Using UpdateLog implementation: org.apache.solr.update.UpdateLog
2024-03-14 05:30:23.007 INFO  (coreLoadExecutor-11-thread-1) [c: s: r: x:restaurant_service t:] o.a.s.u.UpdateLog Initializing UpdateLog: dataDir= defaultSyncLevel=FLUSH numRecordsToKeep=100 maxNumLogsToKeep=10 numVersionBuckets=65536
2024-03-14 05:30:23.119 INFO  (coreLoadExecutor-11-thread-1) [c: s: r: x:restaurant_service t:] o.a.s.u.CommitTracker Hard AutoCommit: if uncommitted for 15000ms; 
2024-03-14 05:30:23.119 INFO  (coreLoadExecutor-11-thread-1) [c: s: r: x:restaurant_service t:] o.a.s.u.CommitTracker Soft AutoCommit: if uncommitted for 3000ms; 
2024-03-14 05:30:24.672 INFO  (coreLoadExecutor-11-thread-1) [c: s: r: x:restaurant_service t:] o.a.s.r.ManagedResourceStorage File-based storage initialized to use dir: /var/solr/data/restaurant_service/conf
2024-03-14 05:30:24.696 INFO  (coreLoadExecutor-11-thread-1) [c: s: r: x:restaurant_service t:] o.a.s.s.DirectSolrSpellChecker init: {name=default, field=_text_, classname=solr.DirectSolrSpellChecker, distanceMeasure=internal, accuracy=0.5, maxQueryFrequency=0.01, maxEdits=2, minPrefix=1, maxInspections=5, minQueryLength=4}
2024-03-14 05:30:24.703 INFO  (coreLoadExecutor-11-thread-1) [c: s: r: x:restaurant_service t:] o.a.s.h.ReplicationHandler Commits will be reserved for 10000 ms
2024-03-14 05:30:24.705 INFO  (searcherExecutor-13-thread-1-processing-restaurant_service) [c: s: r: x:restaurant_service t:] o.a.s.c.QuerySenderListener QuerySenderListener done.
2024-03-14 05:30:24.705 INFO  (searcherExecutor-13-thread-1-processing-restaurant_service) [c: s: r: x:restaurant_service t:] o.a.s.h.c.SpellCheckComponent Loading spell index for spellchecker: default
2024-03-14 05:30:24.713 INFO  (searcherExecutor-13-thread-1-processing-restaurant_service) [c: s: r: x:restaurant_service t:] o.a.s.c.SolrCore Registered new searcher autowarm time: 0 ms
